<?xml version="1.0" encoding="UTF-8"?>
<!-- Generated by org.testng.reporters.JUnitReportReporter -->
<testsuite hostname="ATMECSINLT-085" failures="0" tests="2" name="com.demoaut.com.demoaut.AppTest" time="68.388" errors="0" timestamp="29 Aug 2019 15:01:12 GMT" skipped="0">
  <testcase classname="com.demoaut.com.demoaut.AppTest" name="testApp" time="0.004"/>
  <testcase classname="com.demoaut.com.demoaut.AppTest" name="AppTest1" time="68.384"/>
</testsuite> <!-- com.demoaut.com.demoaut.AppTest -->
