<?xml version="1.0" encoding="UTF-8"?>
<!-- Generated by org.testng.reporters.JUnitReportReporter -->
<testsuite hostname="ATMECSINLT-085" failures="0" tests="1" name="com.demoaut.com.demoaut.Orangehrmlinks" time="19.216" errors="0" timestamp="29 Aug 2019 04:57:29 GMT" skipped="0">
  <testcase classname="com.demoaut.com.demoaut.Orangehrmlinks" name="linktest" time="19.216"/>
</testsuite> <!-- com.demoaut.com.demoaut.Orangehrmlinks -->
